<?xml version="1.0" encoding="UTF-8"?>
<beans xmlns="http://www.springframework.org/schema/beans" xmlns:xsi="http://www.w3.org/2001/XMLSchema-instance"
       xmlns:p="http://www.springframework.org/schema/p" xmlns:context="http://www.springframework.org/schema/context"
       xmlns:tx="http://www.springframework.org/schema/tx" xmlns:jdbc="http://www.springframework.org/schema/jdbc"
       xmlns:rabbit="http://www.springframework.org/schema/rabbit"
       xmlns:cache="http://www.springframework.org/schema/cache" xmlns:task="http://www.springframework.org/schema/task"
       xsi:schemaLocation="http://www.springframework.org/schema/beans http://www.springframework.org/schema/beans/spring-beans.xsd http://www.springframework.org/schema/context http://www.springframework.org/schema/context/spring-context.xsd http://www.springframework.org/schema/tx http://www.springframework.org/schema/tx/spring-tx.xsd http://www.springframework.org/schema/jdbc http://www.springframework.org/schema/jdbc/spring-jdbc.xsd http://www.springframework.org/schema/rabbit http://www.springframework.org/schema/rabbit/spring-rabbit.xsd
       http://www.springframework.org/schema/cache http://www.springframework.org/schema/cache/spring-cache.xsd http://www.springframework.org/schema/task http://www.springframework.org/schema/task/spring-task.xsd">
    <context:component-scan base-package="com.xy">
        <context:exclude-filter type="annotation" expression="org.springframework.stereotype.Controller"/>
    </context:component-scan>
    <context:property-placeholder location="classpath:context/database.properties"/>
    <tx:annotation-driven/>

    <bean id="qadataSource" class="com.mchange.v2.c3p0.ComboPooledDataSource"
          destroy-method="close">
        <property name="jdbcUrl" value="${sms_db1.url}"></property>
        <property name="driverClass" value="${sms_db1.driver}"></property>
        <property name="user" value="${sms_db1.username}"></property>
        <property name="password" value="${sms_db1.password}"></property>
        <property name="maxPoolSize" value="20"></property>
        <property name="minPoolSize" value="20"></property>
        <property name="initialPoolSize" value="20"></property>
        <property name="maxIdleTime" value="200"></property>
        <!--<property name="numHelperThreads" value="50"></property>-->
    </bean>

    <bean id="devdataSource" class="com.mchange.v2.c3p0.ComboPooledDataSource"
          destroy-method="close">
        <property name="jdbcUrl" value="${sms_db2.url}"></property>
        <property name="driverClass" value="${sms_db2.driver}"></property>
        <property name="user" value="${sms_db2.username}"></property>
        <property name="password" value="${sms_db2.password}"></property>
        <property name="maxPoolSize" value="20"></property>
        <property name="minPoolSize" value="20"></property>
        <property name="initialPoolSize" value="20"></property>
        <property name="maxIdleTime" value="200"></property>
        <!--<property name="numHelperThreads" value="50"></property>-->
    </bean>





    <bean id="qasqlSessionFactory" class="org.mybatis.spring.SqlSessionFactoryBean">
        <property name="dataSource" ref="qadataSource" />
        <!--<property name="mapperLocations" value="classpath*:mapper/**/*.xml" />-->
    </bean>

    <bean id="devsqlSessionFactory" class="org.mybatis.spring.SqlSessionFactoryBean">
        <property name="dataSource" ref="devdataSource" />
        <!--<property name="mapperLocations" value="classpath*:mapper/**/*.xml" />-->
    </bean>

    <bean id="qaManager" class="org.springframework.jdbc.datasource.DataSourceTransactionManager">
        <property name="dataSource" ref="qadataSource" />
    </bean>

    <bean id="devManager" class="org.springframework.jdbc.datasource.DataSourceTransactionManager">
        <property name="dataSource" ref="devdataSource" />
    </bean>



    <bean class="org.mybatis.spring.mapper.MapperScannerConfigurer">
        <property name="basePackage" value="com.xy.dao"/>
        <property name="sqlSessionFactoryBeanName" value="qasqlSessionFactory" />
    </bean>

    <bean class="org.mybatis.spring.mapper.MapperScannerConfigurer">
        <property name="basePackage" value="com.xy.daodev"/>
        <property name="sqlSessionFactoryBeanName" value="devsqlSessionFactory" />
    </bean>


</beans>
